
[2026-01-17 11:32:24] App constructor starting...

[2026-01-17 11:32:24] InitializeComponent completed

[2026-01-17 11:32:24] Host built successfully

[2026-01-17 11:32:24] OnLaunched starting...

[2026-01-17 11:32:24] Starting host...

[2026-01-17 11:32:24] Host started

[2026-01-17 11:32:24] Creating database scope...

[2026-01-17 11:32:24] Ensuring database created...

[2026-01-17 11:32:25] Database ready

[2026-01-17 11:32:25] Creating MainWindow...

[2026-01-17 11:32:25] === OnLaunched Failed ===
XamlParseException: The text associated with this error code could not be found.

Failed to create a 'Microsoft.UI.Xaml.Controls.IconElement' from the text 'BarChart'. [Line: 0 Position: 0]
   at WinRT.ExceptionHelpers.<ThrowExceptionForHR>g__Throw|38_0(Int32 hr)
   at WinRT.ExceptionHelpers.ThrowExceptionForHR(Int32 hr)
   at ABI.Microsoft.UI.Xaml.IApplicationStaticsMethods.LoadComponent(IObjectReference _obj, Object component, Uri resourceLocator, ComponentResourceLocation componentResourceLocation)
   at Microsoft.UI.Xaml.Application.LoadComponent(Object component, Uri resourceLocator, ComponentResourceLocation componentResourceLocation)
   at MemoryTimeline.MainWindow.InitializeComponent() in C:\repos\ethanbissbort\memory-line\windows-native\src\MemoryTimeline\obj\x64\Release\net8.0-windows10.0.22621.0\MainWindow.g.i.cs:line 47
   at MemoryTimeline.MainWindow..ctor(MainViewModel viewModel, INavigationService navigationService) in C:\repos\ethanbissbort\memory-line\windows-native\src\MemoryTimeline\MainWindow.xaml.cs:line 19
   at System.RuntimeMethodHandle.InvokeMethod(Object target, Void** arguments, Signature sig, Boolean isConstructor)
   at System.Reflection.MethodBaseInvoker.InvokeDirectByRefWithFewArgs(Object obj, Span`1 copyOfArgs, BindingFlags invokeAttr)
   at System.Reflection.MethodBaseInvoker.InvokeWithFewArgs(Object obj, BindingFlags invokeAttr, Binder binder, Object[] parameters, CultureInfo culture)
   at System.Reflection.RuntimeConstructorInfo.Invoke(BindingFlags invokeAttr, Binder binder, Object[] parameters, CultureInfo culture)
   at Microsoft.Extensions.DependencyInjection.ServiceLookup.CallSiteRuntimeResolver.VisitConstructor(ConstructorCallSite constructorCallSite, RuntimeResolverContext context)
   at Microsoft.Extensions.DependencyInjection.ServiceLookup.CallSiteVisitor`2.VisitCallSiteMain(ServiceCallSite callSite, TArgument argument)
   at Microsoft.Extensions.DependencyInjection.ServiceLookup.CallSiteRuntimeResolver.VisitDisposeCache(ServiceCallSite transientCallSite, RuntimeResolverContext context)
   at Microsoft.Extensions.DependencyInjection.ServiceLookup.CallSiteVisitor`2.VisitCallSite(ServiceCallSite callSite, TArgument argument)
   at Microsoft.Extensions.DependencyInjection.ServiceLookup.CallSiteRuntimeResolver.Resolve(ServiceCallSite callSite, ServiceProviderEngineScope scope)
   at Microsoft.Extensions.DependencyInjection.ServiceLookup.DynamicServiceProviderEngine.<>c__DisplayClass2_0.<RealizeService>b__0(ServiceProviderEngineScope scope)
   at Microsoft.Extensions.DependencyInjection.ServiceProvider.GetService(ServiceIdentifier serviceIdentifier, ServiceProviderEngineScope serviceProviderEngineScope)
   at Microsoft.Extensions.DependencyInjection.ServiceProvider.GetService(Type serviceType)
   at Microsoft.Extensions.DependencyInjection.ServiceProviderServiceExtensions.GetRequiredService(IServiceProvider provider, Type serviceType)
   at Microsoft.Extensions.DependencyInjection.ServiceProviderServiceExtensions.GetRequiredService[T](IServiceProvider provider)
   at MemoryTimeline.App.OnLaunched(LaunchActivatedEventArgs args) in C:\repos\ethanbissbort\memory-line\windows-native\src\MemoryTimeline\App.xaml.cs:line 221
