[2026-01-17 11:32:24.352] === Application Starting ===
[2026-01-17 11:32:24.376] Args: 
[2026-01-17 11:32:24.377] Current directory: C:\repos\ethanbissbort\memory-line\windows-native\src\MemoryTimeline\bin\x64\Release\net8.0-windows10.0.22621.0
[2026-01-17 11:32:24.377] Process path: C:\repos\ethanbissbort\memory-line\windows-native\src\MemoryTimeline\bin\x64\Release\net8.0-windows10.0.22621.0\MemoryTimeline.exe
[2026-01-17 11:32:24.377] Initializing COM...
[2026-01-17 11:32:24.378] COM initialized
[2026-01-17 11:32:24.378] Checking if main instance...
[2026-01-17 11:32:24.452] Getting current activation args...
[2026-01-17 11:32:24.471] Activation kind: Launch
[2026-01-17 11:32:24.471] Key instance found, IsCurrent: True
[2026-01-17 11:32:24.472] This is the main instance
[2026-01-17 11:32:24.472] Starting as main instance...
[2026-01-17 11:32:24.548] Inside Application.Start callback
[2026-01-17 11:32:24.551] Creating App instance...
[2026-01-17 11:32:24.679] App instance created
[2026-01-17 11:42:59.126] === Application Starting ===
[2026-01-17 11:42:59.149] Args: 
[2026-01-17 11:42:59.149] Current directory: C:\repos\ethanbissbort\memory-line\windows-native\src\MemoryTimeline\bin\x64\Release\net8.0-windows10.0.22621.0
[2026-01-17 11:42:59.149] Process path: C:\repos\ethanbissbort\memory-line\windows-native\src\MemoryTimeline\bin\x64\Release\net8.0-windows10.0.22621.0\MemoryTimeline.exe
[2026-01-17 11:42:59.149] Initializing COM...
[2026-01-17 11:42:59.150] COM initialized
[2026-01-17 11:42:59.151] Checking if main instance...
[2026-01-17 11:42:59.224] Getting current activation args...
[2026-01-17 11:42:59.241] Activation kind: Launch
[2026-01-17 11:42:59.242] Key instance found, IsCurrent: True
[2026-01-17 11:42:59.242] This is the main instance
[2026-01-17 11:42:59.243] Starting as main instance...
[2026-01-17 11:42:59.312] Inside Application.Start callback
[2026-01-17 11:42:59.314] Creating App instance...
[2026-01-17 11:42:59.438] App instance created
